<?xml version="1.0" encoding="UTF-8"?>
<!-- Generated by org.testng.reporters.JUnitReportReporter -->
<testsuite skipped="0" hostname="Aashishs-MacBook-Air.local" name="SimpleGetTest" tests="1" failures="0" timestamp="10 Nov 2018 16:20:31 GMT" time="2.635" errors="0">
  <testcase name="GetWeatherDetails" time="2.635" classname="SimpleGetTest"/>
</testsuite> <!-- SimpleGetTest -->
