<?xml version="1.0" encoding="UTF-8"?>
<!-- Generated by org.testng.reporters.JUnitReportReporter -->
<testsuite skipped="0" hostname="Aashish-PC" name="com.crm.qa.testcases.HomePageTest" tests="2" failures="0" timestamp="10 Jul 2018 12:46:04 GMT" time="80.364" errors="0">
  <testcase name="clickOnContactsLinkTest" time="33.944" classname="com.crm.qa.testcases.HomePageTest"/>
  <testcase name="clickOnDealsLinkTest" time="46.420" classname="com.crm.qa.testcases.HomePageTest"/>
</testsuite> <!-- com.crm.qa.testcases.HomePageTest -->
