<?xml version="1.0" encoding="UTF-8"?>
<!-- Generated by org.testng.reporters.JUnitReportReporter -->
<testsuite skipped="0" hostname="Aashish-PC" name="com.crm.qa.testcases.LoginPageTest" tests="3" failures="0" timestamp="24 Jun 2018 09:12:25 GMT" time="87.242" errors="0">
  <testcase name="CRMLogoImageTest" time="22.435" classname="com.crm.qa.testcases.LoginPageTest"/>
  <testcase name="loginTest" time="34.700" classname="com.crm.qa.testcases.LoginPageTest"/>
  <testcase name="loginPageTitleTest" time="30.107" classname="com.crm.qa.testcases.LoginPageTest"/>
</testsuite> <!-- com.crm.qa.testcases.LoginPageTest -->
